<?xml version="1.0" encoding="UTF-8"?>
<testng-results skipped="0" failed="0" ignored="1" total="12" passed="11">
  <reporter-output>
  </reporter-output>
  <suite name="reports" duration-ms="33169" started-at="2020-04-14T11:26:12Z" finished-at="2020-04-14T11:26:46Z">
    <groups>
    </groups>
    <test name="Gmail" duration-ms="8000" started-at="2020-04-14T11:26:12Z" finished-at="2020-04-14T11:26:20Z">
      <class name="com.automation.webpages.GmailPage">
        <test-method status="PASS" signature="openChromedriver()[pri:0, instance:com.automation.webpages.GmailPage@48140564]" name="openChromedriver" is-config="true" duration-ms="2349" started-at="2020-04-14T16:56:13Z" finished-at="2020-04-14T16:56:15Z">
          <reporter-output>
          </reporter-output>
        </test-method> <!-- openChromedriver -->
        <test-method status="PASS" signature="searchString()[pri:0, instance:com.automation.webpages.GmailPage@48140564]" name="searchString" duration-ms="2183" started-at="2020-04-14T16:56:15Z" finished-at="2020-04-14T16:56:17Z">
          <reporter-output>
          </reporter-output>
        </test-method> <!-- searchString -->
        <test-method status="PASS" signature="closeDriver()[pri:0, instance:com.automation.webpages.GmailPage@48140564]" name="closeDriver" is-config="true" duration-ms="168" started-at="2020-04-14T16:56:17Z" finished-at="2020-04-14T16:56:17Z">
          <reporter-output>
          </reporter-output>
        </test-method> <!-- closeDriver -->
        <test-method status="PASS" signature="openChromedriver()[pri:0, instance:com.automation.webpages.GmailPage@48140564]" name="openChromedriver" is-config="true" duration-ms="1077" started-at="2020-04-14T16:56:17Z" finished-at="2020-04-14T16:56:18Z">
          <reporter-output>
          </reporter-output>
        </test-method> <!-- openChromedriver -->
        <test-method status="PASS" signature="verifyGmailTitle()[pri:0, instance:com.automation.webpages.GmailPage@48140564]" name="verifyGmailTitle" duration-ms="2059" started-at="2020-04-14T16:56:18Z" finished-at="2020-04-14T16:56:20Z">
          <reporter-output>
          </reporter-output>
        </test-method> <!-- verifyGmailTitle -->
        <test-method status="PASS" signature="closeDriver()[pri:0, instance:com.automation.webpages.GmailPage@48140564]" name="closeDriver" is-config="true" duration-ms="146" started-at="2020-04-14T16:56:20Z" finished-at="2020-04-14T16:56:20Z">
          <reporter-output>
          </reporter-output>
        </test-method> <!-- closeDriver -->
      </class> <!-- com.automation.webpages.GmailPage -->
    </test> <!-- Gmail -->
    <test name="Google" duration-ms="12988" started-at="2020-04-14T11:26:21Z" finished-at="2020-04-14T11:26:34Z">
      <class name="com.automation.webpages.GooglePage">
        <test-method status="PASS" signature="openChromedriver()[pri:0, instance:com.automation.webpages.GooglePage@59a6e353]" name="openChromedriver" is-config="true" duration-ms="1072" started-at="2020-04-14T16:56:21Z" finished-at="2020-04-14T16:56:22Z">
          <reporter-output>
          </reporter-output>
        </test-method> <!-- openChromedriver -->
        <test-method status="PASS" signature="searchAmazon()[pri:0, instance:com.automation.webpages.GooglePage@59a6e353]" name="searchAmazon" duration-ms="2575" started-at="2020-04-14T16:56:22Z" finished-at="2020-04-14T16:56:24Z">
          <reporter-output>
          </reporter-output>
        </test-method> <!-- searchAmazon -->
        <test-method status="PASS" signature="closeDriver()[pri:0, instance:com.automation.webpages.GooglePage@59a6e353]" name="closeDriver" is-config="true" duration-ms="224" started-at="2020-04-14T16:56:24Z" finished-at="2020-04-14T16:56:24Z">
          <reporter-output>
          </reporter-output>
        </test-method> <!-- closeDriver -->
        <test-method status="PASS" signature="openChromedriver()[pri:0, instance:com.automation.webpages.GooglePage@59a6e353]" name="openChromedriver" is-config="true" duration-ms="1168" started-at="2020-04-14T16:56:24Z" finished-at="2020-04-14T16:56:26Z">
          <reporter-output>
          </reporter-output>
        </test-method> <!-- openChromedriver -->
        <test-method status="PASS" signature="searchAmazonAndNavigateToAmazonURL()[pri:0, instance:com.automation.webpages.GooglePage@59a6e353]" name="searchAmazonAndNavigateToAmazonURL" duration-ms="3027" started-at="2020-04-14T16:56:26Z" finished-at="2020-04-14T16:56:29Z">
          <reporter-output>
          </reporter-output>
        </test-method> <!-- searchAmazonAndNavigateToAmazonURL -->
        <test-method status="PASS" signature="closeDriver()[pri:0, instance:com.automation.webpages.GooglePage@59a6e353]" name="closeDriver" is-config="true" duration-ms="145" started-at="2020-04-14T16:56:29Z" finished-at="2020-04-14T16:56:29Z">
          <reporter-output>
          </reporter-output>
        </test-method> <!-- closeDriver -->
        <test-method status="PASS" signature="openChromedriver()[pri:0, instance:com.automation.webpages.GooglePage@59a6e353]" name="openChromedriver" is-config="true" duration-ms="1095" started-at="2020-04-14T16:56:29Z" finished-at="2020-04-14T16:56:30Z">
          <reporter-output>
          </reporter-output>
        </test-method> <!-- openChromedriver -->
        <test-method status="PASS" signature="searchStringOnGoogle()[pri:0, instance:com.automation.webpages.GooglePage@59a6e353]" name="searchStringOnGoogle" duration-ms="870" started-at="2020-04-14T16:56:30Z" finished-at="2020-04-14T16:56:31Z">
          <reporter-output>
          </reporter-output>
        </test-method> <!-- searchStringOnGoogle -->
        <test-method status="PASS" signature="closeDriver()[pri:0, instance:com.automation.webpages.GooglePage@59a6e353]" name="closeDriver" is-config="true" duration-ms="166" started-at="2020-04-14T16:56:31Z" finished-at="2020-04-14T16:56:31Z">
          <reporter-output>
          </reporter-output>
        </test-method> <!-- closeDriver -->
        <test-method status="PASS" signature="openChromedriver()[pri:0, instance:com.automation.webpages.GooglePage@59a6e353]" name="openChromedriver" is-config="true" duration-ms="1100" started-at="2020-04-14T16:56:31Z" finished-at="2020-04-14T16:56:32Z">
          <reporter-output>
          </reporter-output>
        </test-method> <!-- openChromedriver -->
        <test-method status="PASS" signature="verifyGoogleTitle()[pri:0, instance:com.automation.webpages.GooglePage@59a6e353]" name="verifyGoogleTitle" duration-ms="1376" started-at="2020-04-14T16:56:32Z" finished-at="2020-04-14T16:56:33Z">
          <reporter-output>
          </reporter-output>
        </test-method> <!-- verifyGoogleTitle -->
        <test-method status="PASS" signature="closeDriver()[pri:0, instance:com.automation.webpages.GooglePage@59a6e353]" name="closeDriver" is-config="true" duration-ms="169" started-at="2020-04-14T16:56:33Z" finished-at="2020-04-14T16:56:34Z">
          <reporter-output>
          </reporter-output>
        </test-method> <!-- closeDriver -->
      </class> <!-- com.automation.webpages.GooglePage -->
    </test> <!-- Google -->
    <test name="Naukari" duration-ms="12147" started-at="2020-04-14T11:26:34Z" finished-at="2020-04-14T11:26:46Z">
      <class name="com.automation.webpages.LoadTest">
        <test-method status="PASS" signature="openChromedriver()[pri:0, instance:com.automation.webpages.LoadTest@96532d6]" name="openChromedriver" is-config="true" duration-ms="1323" started-at="2020-04-14T16:56:34Z" finished-at="2020-04-14T16:56:35Z">
          <reporter-output>
          </reporter-output>
        </test-method> <!-- openChromedriver -->
        <test-method status="PASS" signature="loadTestThisWebsite()[pri:0, instance:com.automation.webpages.LoadTest@96532d6]" name="loadTestThisWebsite" duration-ms="1563" started-at="2020-04-14T16:56:35Z" finished-at="2020-04-14T16:56:36Z">
          <reporter-output>
          </reporter-output>
        </test-method> <!-- loadTestThisWebsite -->
        <test-method status="PASS" signature="closeDriver()[pri:0, instance:com.automation.webpages.LoadTest@96532d6]" name="closeDriver" is-config="true" duration-ms="153" started-at="2020-04-14T16:56:36Z" finished-at="2020-04-14T16:56:37Z">
          <reporter-output>
          </reporter-output>
        </test-method> <!-- closeDriver -->
        <test-method status="PASS" signature="openChromedriver()[pri:0, instance:com.automation.webpages.LoadTest@96532d6]" name="openChromedriver" is-config="true" duration-ms="1118" started-at="2020-04-14T16:56:37Z" finished-at="2020-04-14T16:56:38Z">
          <reporter-output>
          </reporter-output>
        </test-method> <!-- openChromedriver -->
        <test-method status="PASS" signature="loadTestThisWebsite()[pri:0, instance:com.automation.webpages.LoadTest@96532d6]" name="loadTestThisWebsite" duration-ms="946" started-at="2020-04-14T16:56:38Z" finished-at="2020-04-14T16:56:39Z">
          <reporter-output>
          </reporter-output>
        </test-method> <!-- loadTestThisWebsite -->
        <test-method status="PASS" signature="closeDriver()[pri:0, instance:com.automation.webpages.LoadTest@96532d6]" name="closeDriver" is-config="true" duration-ms="151" started-at="2020-04-14T16:56:39Z" finished-at="2020-04-14T16:56:39Z">
          <reporter-output>
          </reporter-output>
        </test-method> <!-- closeDriver -->
        <test-method status="PASS" signature="openChromedriver()[pri:0, instance:com.automation.webpages.LoadTest@96532d6]" name="openChromedriver" is-config="true" duration-ms="1126" started-at="2020-04-14T16:56:39Z" finished-at="2020-04-14T16:56:40Z">
          <reporter-output>
          </reporter-output>
        </test-method> <!-- openChromedriver -->
        <test-method status="PASS" signature="loadTestThisWebsite()[pri:0, instance:com.automation.webpages.LoadTest@96532d6]" name="loadTestThisWebsite" duration-ms="913" started-at="2020-04-14T16:56:40Z" finished-at="2020-04-14T16:56:41Z">
          <reporter-output>
          </reporter-output>
        </test-method> <!-- loadTestThisWebsite -->
        <test-method status="PASS" signature="closeDriver()[pri:0, instance:com.automation.webpages.LoadTest@96532d6]" name="closeDriver" is-config="true" duration-ms="159" started-at="2020-04-14T16:56:41Z" finished-at="2020-04-14T16:56:41Z">
          <reporter-output>
          </reporter-output>
        </test-method> <!-- closeDriver -->
        <test-method status="PASS" signature="openChromedriver()[pri:0, instance:com.automation.webpages.LoadTest@96532d6]" name="openChromedriver" is-config="true" duration-ms="1172" started-at="2020-04-14T16:56:41Z" finished-at="2020-04-14T16:56:42Z">
          <reporter-output>
          </reporter-output>
        </test-method> <!-- openChromedriver -->
        <test-method status="PASS" signature="loadTestThisWebsite()[pri:0, instance:com.automation.webpages.LoadTest@96532d6]" name="loadTestThisWebsite" duration-ms="766" started-at="2020-04-14T16:56:42Z" finished-at="2020-04-14T16:56:43Z">
          <reporter-output>
          </reporter-output>
        </test-method> <!-- loadTestThisWebsite -->
        <test-method status="PASS" signature="closeDriver()[pri:0, instance:com.automation.webpages.LoadTest@96532d6]" name="closeDriver" is-config="true" duration-ms="144" started-at="2020-04-14T16:56:43Z" finished-at="2020-04-14T16:56:43Z">
          <reporter-output>
          </reporter-output>
        </test-method> <!-- closeDriver -->
        <test-method status="PASS" signature="openChromedriver()[pri:0, instance:com.automation.webpages.LoadTest@96532d6]" name="openChromedriver" is-config="true" duration-ms="1153" started-at="2020-04-14T16:56:43Z" finished-at="2020-04-14T16:56:44Z">
          <reporter-output>
          </reporter-output>
        </test-method> <!-- openChromedriver -->
        <test-method status="PASS" signature="loadTestThisWebsite()[pri:0, instance:com.automation.webpages.LoadTest@96532d6]" name="loadTestThisWebsite" duration-ms="1313" started-at="2020-04-14T16:56:44Z" finished-at="2020-04-14T16:56:46Z">
          <reporter-output>
          </reporter-output>
        </test-method> <!-- loadTestThisWebsite -->
        <test-method status="PASS" signature="closeDriver()[pri:0, instance:com.automation.webpages.LoadTest@96532d6]" name="closeDriver" is-config="true" duration-ms="144" started-at="2020-04-14T16:56:46Z" finished-at="2020-04-14T16:56:46Z">
          <reporter-output>
          </reporter-output>
        </test-method> <!-- closeDriver -->
      </class> <!-- com.automation.webpages.LoadTest -->
    </test> <!-- Naukari -->
  </suite> <!-- reports -->
</testng-results>
